Sat Dec 13 05:32:33 IST 2014 Starting master on dn1.hadoop.com
core file size          (blocks, -c) 0
data seg size           (kbytes, -d) unlimited
scheduling priority             (-e) 0
file size               (blocks, -f) unlimited
pending signals                 (-i) 14844
max locked memory       (kbytes, -l) 64
max memory size         (kbytes, -m) unlimited
open files                      (-n) 1024
pipe size            (512 bytes, -p) 8
POSIX message queues     (bytes, -q) 819200
real-time priority              (-r) 0
stack size              (kbytes, -s) 10240
cpu time               (seconds, -t) unlimited
max user processes              (-u) 14844
virtual memory          (kbytes, -v) unlimited
file locks                      (-x) unlimited
2014-12-13 05:32:34,797 INFO  [main] util.VersionInfo: HBase 0.98.8-hadoop2
2014-12-13 05:32:34,797 INFO  [main] util.VersionInfo: Subversion git://acer/usr/src/hbase -r 6cfc8d064754251365e070a10a82eb169956d5fe
2014-12-13 05:32:34,797 INFO  [main] util.VersionInfo: Compiled by apurtell on Fri Nov 14 18:26:29 PST 2014
2014-12-13 05:32:35,405 INFO  [main] util.ServerCommandLine: env:TERM=xterm-256color
2014-12-13 05:32:35,405 INFO  [main] util.ServerCommandLine: env:DFS_NAME_DIR=/x/hadoop/hdfs/nn
2014-12-13 05:32:35,405 INFO  [main] util.ServerCommandLine: env:MAPRED_PID_DIR=/var/run/hadoop/mapred
2014-12-13 05:32:35,406 INFO  [main] util.ServerCommandLine: env:HDFS_USER=hdfs
2014-12-13 05:32:35,406 INFO  [main] util.ServerCommandLine: env:JSVC_HOME=/usr/libexec/bigtop-utils/
2014-12-13 05:32:35,406 INFO  [main] util.ServerCommandLine: env:YARN_LOCAL_LOG_DIR=/x/hadoop/yarn/logs
2014-12-13 05:32:35,406 INFO  [main] util.ServerCommandLine: env:YARN_LOCAL_DIR=/x/hadoop/yarn/tmp
2014-12-13 05:32:35,406 INFO  [main] util.ServerCommandLine: env:YARN_USER=yarn
2014-12-13 05:32:35,406 INFO  [main] util.ServerCommandLine: env:PIG_CONF_DIR=/etc/pig/conf
2014-12-13 05:32:35,406 INFO  [main] util.ServerCommandLine: env:JAVA_HOME=/usr/java/default
2014-12-13 05:32:35,406 INFO  [main] util.ServerCommandLine: env:YARN_LOG_DIR=/x/log/hadoop/yarn
2014-12-13 05:32:35,406 INFO  [main] util.ServerCommandLine: env:HBASE_HOME=/apache/hbase
2014-12-13 05:32:35,406 INFO  [main] util.ServerCommandLine: env:HIVE_HOME=/apache/hive
2014-12-13 05:32:35,406 INFO  [main] util.ServerCommandLine: env:HBASE_ENV_INIT=true
2014-12-13 05:32:35,406 INFO  [main] util.ServerCommandLine: env:MAIL=/var/spool/mail/root
2014-12-13 05:32:35,406 INFO  [main] util.ServerCommandLine: env:HOSTNAME=dn1.hadoop.com
2014-12-13 05:32:35,406 INFO  [main] util.ServerCommandLine: env:HBASE_ZNODE_FILE=/tmp/hbase-root-master.znode
2014-12-13 05:32:35,406 INFO  [main] util.ServerCommandLine: env:PWD=/apache/hbase/conf
2014-12-13 05:32:35,406 INFO  [main] util.ServerCommandLine: env:CVS_RSH=ssh
2014-12-13 05:32:35,406 INFO  [main] util.ServerCommandLine: env:HBASE_MANAGES_ZK=false
2014-12-13 05:32:35,406 INFO  [main] util.ServerCommandLine: env:JAVA_LIBRARY_PATH=:/apache/hadoop/lib/native:/apache/hadoop/share/hadoop/mapreduce:/apache/hadoop/share/hadoop/hdfs:/apache/hadoop/share/hadoop/yarn:/apache/hadoop/share/hadoop/common::/apache/hadoop/lib/native:/apache/hadoop/share/hadoop/mapreduce:/apache/hadoop/share/hadoop/hdfs:/apache/hadoop/share/hadoop/yarn:/apache/hadoop/share/hadoop/common:/apache/hadoop-2.4.1/lib/native
2014-12-13 05:32:35,406 INFO  [main] util.ServerCommandLine: env:G_BROKEN_FILENAMES=1
2014-12-13 05:32:35,406 INFO  [main] util.ServerCommandLine: env:HBASE_NICENESS=0
2014-12-13 05:32:35,406 INFO  [main] util.ServerCommandLine: env:HADOOP_LIBEXEC_DIR=/apache/hadoop/libexec
2014-12-13 05:32:35,406 INFO  [main] util.ServerCommandLine: env:HBASE_REST_OPTS=
2014-12-13 05:32:35,406 INFO  [main] util.ServerCommandLine: env:NLSPATH=/usr/dt/lib/nls/msg/%L/%N.cat
2014-12-13 05:32:35,406 INFO  [main] util.ServerCommandLine: env:MAPRED_USER=mapred
2014-12-13 05:32:35,407 INFO  [main] util.ServerCommandLine: env:HISTSIZE=1000
2014-12-13 05:32:35,407 INFO  [main] util.ServerCommandLine: env:PATH=/usr/lib64/qt-3.3/bin:/usr/local/sbin:/usr/local/bin:/sbin:/bin:/usr/sbin:/usr/bin:/apache/hadoop/bin:/usr/local/jdk1.7.0_51/bin/:/apache/hive/bin:/apache/hbase/bin:/root/bin
2014-12-13 05:32:35,407 INFO  [main] util.ServerCommandLine: env:HADOOP_GROUP=hadoop
2014-12-13 05:32:35,407 INFO  [main] util.ServerCommandLine: env:HADOOP_LOG_DIR=/x/log/hadoop
2014-12-13 05:32:35,407 INFO  [main] util.ServerCommandLine: env:HADOOP_PID_DIR=/var/run/hadoop-hdfs
2014-12-13 05:32:35,407 INFO  [main] util.ServerCommandLine: env:HIVE_CONF_DIR=/apache/hive/conf
2014-12-13 05:32:35,407 INFO  [main] util.ServerCommandLine: env:HADOOP_SECURE_DN_USER=hdfs
2014-12-13 05:32:35,408 INFO  [main] util.ServerCommandLine: env:QTLIB=/usr/lib64/qt-3.3/lib
2014-12-13 05:32:35,408 INFO  [main] util.ServerCommandLine: env:PIG_LOG_DIR=/x/log/pig
2014-12-13 05:32:35,408 INFO  [main] util.ServerCommandLine: env:HBASE_SECURITY_LOGGER=INFO,RFAS
2014-12-13 05:32:35,408 INFO  [main] util.ServerCommandLine: env:HADOOP_CLASSPATH=/apache/hadoop/lib/native:/apache/hadoop/share/hadoop/common/lib:/apache/hadoop/share/hadoop/hdfs/lib:/apache/hadoop/share/hadoop/mapreduce/lib:/apache/hadoop/share/hadoop/yarn/lib:/apache/hadoop/conf:
2014-12-13 05:32:35,408 INFO  [main] util.ServerCommandLine: env:HDFS_LOG_DIR=/x/log/hadoop/hdfs
2014-12-13 05:32:35,408 INFO  [main] util.ServerCommandLine: env:HBASE_START_FILE=/tmp/hbase-root-master.autorestart
2014-12-13 05:32:35,408 INFO  [main] util.ServerCommandLine: env:HADOOP_CONF_DIR=/apache/hadoop/conf
2014-12-13 05:32:35,408 INFO  [main] util.ServerCommandLine: env:HBASE_LOGFILE=hbase-root-master-dn1.hadoop.com.log
2014-12-13 05:32:35,408 INFO  [main] util.ServerCommandLine: env:SHLVL=4
2014-12-13 05:32:35,408 INFO  [main] util.ServerCommandLine: env:HBASE_LOG_DIR=/apache/hbase/logs
2014-12-13 05:32:35,412 INFO  [main] util.ServerCommandLine: env:HBASE_OPTS=-XX:+UseConcMarkSweepGC   -Dhbase.log.dir=/apache/hbase/logs -Dhbase.log.file=hbase-root-master-dn1.hadoop.com.log -Dhbase.home.dir=/apache/hbase -Dhbase.id.str=root -Dhbase.root.logger=INFO,RFA -Djava.library.path=:/apache/hadoop/lib/native:/apache/hadoop/share/hadoop/mapreduce:/apache/hadoop/share/hadoop/hdfs:/apache/hadoop/share/hadoop/yarn:/apache/hadoop/share/hadoop/common::/apache/hadoop/lib/native:/apache/hadoop/share/hadoop/mapreduce:/apache/hadoop/share/hadoop/hdfs:/apache/hadoop/share/hadoop/yarn:/apache/hadoop/share/hadoop/common:/apache/hadoop-2.4.1/lib/native -Dhbase.security.logger=INFO,RFAS
2014-12-13 05:32:35,412 INFO  [main] util.ServerCommandLine: env:XFILESEARCHPATH=/usr/dt/app-defaults/%L/Dt
2014-12-13 05:32:35,412 INFO  [main] util.ServerCommandLine: env:HADOOP_SECURE_DN_LOG_DIR=/var/run/hadoop/hdfs
2014-12-13 05:32:35,413 INFO  [main] util.ServerCommandLine: env:YARN_PID_DIR=/var/run/hadoop/yarn
2014-12-13 05:32:35,413 INFO  [main] util.ServerCommandLine: env:HBASE_CONF_DIR=/apache/hbase/conf
2014-12-13 05:32:35,413 INFO  [main] util.ServerCommandLine: env:LOGNAME=root
2014-12-13 05:32:35,413 INFO  [main] util.ServerCommandLine: env:QTDIR=/usr/lib64/qt-3.3
2014-12-13 05:32:35,413 INFO  [main] util.ServerCommandLine: env:HADOOP_HOME=/apache/hadoop
2014-12-13 05:32:35,413 INFO  [main] util.ServerCommandLine: env:LD_LIBRARY_PATH=::/apache/hadoop/lib/native:/apache/hadoop/share/hadoop/mapreduce:/apache/hadoop/share/hadoop/hdfs:/apache/hadoop/share/hadoop/yarn:/apache/hadoop/share/hadoop/common::/apache/hadoop/lib/native:/apache/hadoop/share/hadoop/mapreduce:/apache/hadoop/share/hadoop/hdfs:/apache/hadoop/share/hadoop/yarn:/apache/hadoop/share/hadoop/common:/apache/hadoop-2.4.1/lib/native
2014-12-13 05:32:35,413 INFO  [main] util.ServerCommandLine: env:MALLOC_ARENA_MAX=4
2014-12-13 05:32:35,413 INFO  [main] util.ServerCommandLine: env:SHELL=/bin/bash
2014-12-13 05:32:35,413 INFO  [main] util.ServerCommandLine: env:HDFS_PID_DIR=/var/run/hadoop/hdfs
2014-12-13 05:32:35,413 INFO  [main] util.ServerCommandLine: env:HBASE_ROOT_LOGGER=INFO,RFA
2014-12-13 05:32:35,419 INFO  [main] util.ServerCommandLine: env:CLASSPATH=/apache/hbase/conf:/usr/java/default/lib/tools.jar:/apache/hbase:/apache/hbase/lib/activation-1.1.jar:/apache/hbase/lib/aopalliance-1.0.jar:/apache/hbase/lib/asm-3.1.jar:/apache/hbase/lib/avro-1.7.4.jar:/apache/hbase/lib/commons-beanutils-1.7.0.jar:/apache/hbase/lib/commons-beanutils-core-1.8.0.jar:/apache/hbase/lib/commons-cli-1.2.jar:/apache/hbase/lib/commons-codec-1.7.jar:/apache/hbase/lib/commons-collections-3.2.1.jar:/apache/hbase/lib/commons-compress-1.4.1.jar:/apache/hbase/lib/commons-configuration-1.6.jar:/apache/hbase/lib/commons-daemon-1.0.13.jar:/apache/hbase/lib/commons-digester-1.8.jar:/apache/hbase/lib/commons-el-1.0.jar:/apache/hbase/lib/commons-httpclient-3.1.jar:/apache/hbase/lib/commons-io-2.4.jar:/apache/hbase/lib/commons-lang-2.6.jar:/apache/hbase/lib/commons-logging-1.1.1.jar:/apache/hbase/lib/commons-math-2.1.jar:/apache/hbase/lib/commons-net-3.1.jar:/apache/hbase/lib/findbugs-annotations-1.3.9-1.jar:/apache/hbase/lib/gmbal-api-only-3.0.0-b023.jar:/apache/hbase/lib/grizzly-framework-2.1.2.jar:/apache/hbase/lib/grizzly-http-2.1.2.jar:/apache/hbase/lib/grizzly-http-server-2.1.2.jar:/apache/hbase/lib/grizzly-http-servlet-2.1.2.jar:/apache/hbase/lib/grizzly-rcm-2.1.2.jar:/apache/hbase/lib/guava-12.0.1.jar:/apache/hbase/lib/guice-3.0.jar:/apache/hbase/lib/guice-servlet-3.0.jar:/apache/hbase/lib/hadoop-annotations-2.2.0.jar:/apache/hbase/lib/hadoop-auth-2.2.0.jar:/apache/hbase/lib/hadoop-client-2.2.0.jar:/apache/hbase/lib/hadoop-common-2.2.0.jar:/apache/hbase/lib/hadoop-hdfs-2.2.0.jar:/apache/hbase/lib/hadoop-mapreduce-client-app-2.2.0.jar:/apache/hbase/lib/hadoop-mapreduce-client-common-2.2.0.jar:/apache/hbase/lib/hadoop-mapreduce-client-core-2.2.0.jar:/apache/hbase/lib/hadoop-mapreduce-client-jobclient-2.2.0.jar:/apache/hbase/lib/hadoop-mapreduce-client-shuffle-2.2.0.jar:/apache/hbase/lib/hadoop-yarn-api-2.2.0.jar:/apache/hbase/lib/hadoop-yarn-client-2.2.0.jar:/apache/hbase/lib/hadoop-yarn-common-2.2.0.jar:/apache/hbase/lib/hadoop-yarn-server-common-2.2.0.jar:/apache/hbase/lib/hadoop-yarn-server-nodemanager-2.2.0.jar:/apache/hbase/lib/hamcrest-core-1.3.jar:/apache/hbase/lib/hbase-annotations-0.98.8-hadoop2.jar:/apache/hbase/lib/hbase-checkstyle-0.98.8-hadoop2.jar:/apache/hbase/lib/hbase-client-0.98.8-hadoop2.jar:/apache/hbase/lib/hbase-common-0.98.8-hadoop2.jar:/apache/hbase/lib/hbase-common-0.98.8-hadoop2-tests.jar:/apache/hbase/lib/hbase-examples-0.98.8-hadoop2.jar:/apache/hbase/lib/hbase-hadoop2-compat-0.98.8-hadoop2.jar:/apache/hbase/lib/hbase-hadoop-compat-0.98.8-hadoop2.jar:/apache/hbase/lib/hbase-it-0.98.8-hadoop2.jar:/apache/hbase/lib/hbase-it-0.98.8-hadoop2-tests.jar:/apache/hbase/lib/hbase-prefix-tree-0.98.8-hadoop2.jar:/apache/hbase/lib/hbase-protocol-0.98.8-hadoop2.jar:/apache/hbase/lib/hbase-rest-0.98.8-hadoop2.jar:/apache/hbase/lib/hbase-server-0.98.8-hadoop2.jar:/apache/hbase/lib/hbase-server-0.98.8-hadoop2-tests.jar:/apache/hbase/lib/hbase-shell-0.98.8-hadoop2.jar:/apache/hbase/lib/hbase-testing-util-0.98.8-hadoop2.jar:/apache/hbase/lib/hbase-thrift-0.98.8-hadoop2.jar:/apache/hbase/lib/high-scale-lib-1.1.1.jar:/apache/hbase/lib/htrace-core-2.04.jar:/apache/hbase/lib/httpclient-4.1.3.jar:/apache/hbase/lib/httpcore-4.1.3.jar:/apache/hbase/lib/jackson-core-asl-1.8.8.jar:/apache/hbase/lib/jackson-jaxrs-1.8.8.jar:/apache/hbase/lib/jackson-mapper-asl-1.8.8.jar:/apache/hbase/lib/jackson-xc-1.8.8.jar:/apache/hbase/lib/jamon-runtime-2.3.1.jar:/apache/hbase/lib/jasper-compiler-5.5.23.jar:/apache/hbase/lib/jasper-runtime-5.5.23.jar:/apache/hbase/lib/javax.inject-1.jar:/apache/hbase/lib/javax.servlet-3.1.jar:/apache/hbase/lib/javax.servlet-api-3.0.1.jar:/apache/hbase/lib/jaxb-api-2.2.2.jar:/apache/hbase/lib/jaxb-impl-2.2.3-1.jar:/apache/hbase/lib/jcodings-1.0.8.jar:/apache/hbase/lib/jersey-client-1.9.jar:/apache/hbase/lib/jersey-core-1.8.jar:/apache/hbase/lib/jersey-grizzly2-1.9.jar:/apache/hbase/lib/jersey-guice-1.9.jar:/apache/hbase/lib/jersey-json-1.8.jar:/apache/hbase/lib/jersey-server-1.8.jar:/apache/hbase/lib/jersey-test-framework-core-1.9.jar:/apache/hbase/lib/jersey-test-framework-grizzly2-1.9.jar:/apache/hbase/lib/jets3t-0.6.1.jar:/apache/hbase/lib/jettison-1.3.1.jar:/apache/hbase/lib/jetty-6.1.26.jar:/apache/hbase/lib/jetty-sslengine-6.1.26.jar:/apache/hbase/lib/jetty-util-6.1.26.jar:/apache/hbase/lib/joni-2.1.2.jar:/apache/hbase/lib/jruby-complete-1.6.8.jar:/apache/hbase/lib/jsch-0.1.42.jar:/apache/hbase/lib/jsp-2.1-6.1.14.jar:/apache/hbase/lib/jsp-api-2.1-6.1.14.jar:/apache/hbase/lib/jsr305-1.3.9.jar:/apache/hbase/lib/junit-4.11.jar:/apache/hbase/lib/libthrift-0.9.0.jar:/apache/hbase/lib/log4j-1.2.17.jar:/apache/hbase/lib/management-api-3.0.0-b012.jar:/apache/hbase/lib/metrics-core-2.2.0.jar:/apache/hbase/lib/netty-3.6.6.Final.jar:/apache/hbase/lib/paranamer-2.3.jar:/apache/hbase/lib/protobuf-java-2.5.0.jar:/apache/hbase/lib/servlet-api-2.5-6.1.14.jar:/apache/hbase/lib/slf4j-api-1.6.4.jar:/apache/hbase/lib/slf4j-log4j12-1.6.4.jar:/apache/hbase/lib/snappy-java-1.0.4.1.jar:/apache/hbase/lib/xmlenc-0.52.jar:/apache/hbase/lib/xz-1.0.jar:/apache/hbase/lib/zookeeper-3.4.6.jar:/apache/hadoop/conf:/apache/hadoop-2.4.1/share/hadoop/common/lib/*:/apache/hadoop-2.4.1/share/hadoop/common/*:/apache/hadoop-2.4.1/share/hadoop/hdfs:/apache/hadoop-2.4.1/share/hadoop/hdfs/lib/*:/apache/hadoop-2.4.1/share/hadoop/hdfs/*:/apache/hadoop-2.4.1/share/hadoop/yarn/lib/*:/apache/hadoop-2.4.1/share/hadoop/yarn/*:/apache/hadoop-2.4.1/share/hadoop/mapreduce/lib/*:/apache/hadoop-2.4.1/share/hadoop/mapreduce/*:/apache/hadoop/lib/native:/apache/hadoop/share/hadoop/common/lib:/apache/hadoop/share/hadoop/hdfs/lib:/apache/hadoop/share/hadoop/mapreduce/lib:/apache/hadoop/share/hadoop/yarn/lib:/apache/hadoop/conf::/apache/hadoop/contrib/capacity-scheduler/*.jar:/apache/hadoop/conf
2014-12-13 05:32:35,421 INFO  [main] util.ServerCommandLine: env:HBASE_THRIFT_OPTS=
2014-12-13 05:32:35,421 INFO  [main] util.ServerCommandLine: env:HADOOP_MAPRED_PID_DIR=/var/run/hadoop-mapred
2014-12-13 05:32:35,421 INFO  [main] util.ServerCommandLine: env:QTINC=/usr/lib64/qt-3.3/include
2014-12-13 05:32:35,421 INFO  [main] util.ServerCommandLine: env:MAPRED_LOG_DIR=/x/log/hadoop/mapred
2014-12-13 05:32:35,421 INFO  [main] util.ServerCommandLine: env:USER=root
2014-12-13 05:32:35,422 INFO  [main] util.ServerCommandLine: env:PIG_USER=hadoop
2014-12-13 05:32:35,422 INFO  [main] util.ServerCommandLine: env:HADOOP_SECURE_DN_PID_DIR=/var/run/hadoop/hdfs
2014-12-13 05:32:35,422 INFO  [main] util.ServerCommandLine: env:HISTCONTROL=ignoredups
2014-12-13 05:32:35,422 INFO  [main] util.ServerCommandLine: env:HOME=/root
2014-12-13 05:32:35,423 INFO  [main] util.ServerCommandLine: env:HBASE_CLASSPATH=/apache/hadoop/conf
2014-12-13 05:32:35,423 INFO  [main] util.ServerCommandLine: env:LESSOPEN=||/usr/bin/lesspipe.sh %s
2014-12-13 05:32:35,423 INFO  [main] util.ServerCommandLine: env:LS_COLORS=rs=0:di=38;5;27:ln=38;5;51:mh=44;38;5;15:pi=40;38;5;11:so=38;5;13:do=38;5;5:bd=48;5;232;38;5;11:cd=48;5;232;38;5;3:or=48;5;232;38;5;9:mi=05;48;5;232;38;5;15:su=48;5;196;38;5;15:sg=48;5;11;38;5;16:ca=48;5;196;38;5;226:tw=48;5;10;38;5;16:ow=48;5;10;38;5;21:st=48;5;21;38;5;15:ex=38;5;34:*.tar=38;5;9:*.tgz=38;5;9:*.arj=38;5;9:*.taz=38;5;9:*.lzh=38;5;9:*.lzma=38;5;9:*.tlz=38;5;9:*.txz=38;5;9:*.zip=38;5;9:*.z=38;5;9:*.Z=38;5;9:*.dz=38;5;9:*.gz=38;5;9:*.lz=38;5;9:*.xz=38;5;9:*.bz2=38;5;9:*.tbz=38;5;9:*.tbz2=38;5;9:*.bz=38;5;9:*.tz=38;5;9:*.deb=38;5;9:*.rpm=38;5;9:*.jar=38;5;9:*.rar=38;5;9:*.ace=38;5;9:*.zoo=38;5;9:*.cpio=38;5;9:*.7z=38;5;9:*.rz=38;5;9:*.jpg=38;5;13:*.jpeg=38;5;13:*.gif=38;5;13:*.bmp=38;5;13:*.pbm=38;5;13:*.pgm=38;5;13:*.ppm=38;5;13:*.tga=38;5;13:*.xbm=38;5;13:*.xpm=38;5;13:*.tif=38;5;13:*.tiff=38;5;13:*.png=38;5;13:*.svg=38;5;13:*.svgz=38;5;13:*.mng=38;5;13:*.pcx=38;5;13:*.mov=38;5;13:*.mpg=38;5;13:*.mpeg=38;5;13:*.m2v=38;5;13:*.mkv=38;5;13:*.ogm=38;5;13:*.mp4=38;5;13:*.m4v=38;5;13:*.mp4v=38;5;13:*.vob=38;5;13:*.qt=38;5;13:*.nuv=38;5;13:*.wmv=38;5;13:*.asf=38;5;13:*.rm=38;5;13:*.rmvb=38;5;13:*.flc=38;5;13:*.avi=38;5;13:*.fli=38;5;13:*.flv=38;5;13:*.gl=38;5;13:*.dl=38;5;13:*.xcf=38;5;13:*.xwd=38;5;13:*.yuv=38;5;13:*.cgm=38;5;13:*.emf=38;5;13:*.axv=38;5;13:*.anx=38;5;13:*.ogv=38;5;13:*.ogx=38;5;13:*.aac=38;5;45:*.au=38;5;45:*.flac=38;5;45:*.mid=38;5;45:*.midi=38;5;45:*.mka=38;5;45:*.mp3=38;5;45:*.mpc=38;5;45:*.ogg=38;5;45:*.ra=38;5;45:*.wav=38;5;45:*.axa=38;5;45:*.oga=38;5;45:*.spx=38;5;45:*.xspf=38;5;45:
2014-12-13 05:32:35,423 INFO  [main] util.ServerCommandLine: env:PIG_PID_DIR=/var/run/pig
2014-12-13 05:32:35,423 INFO  [main] util.ServerCommandLine: env:DFS_DATA_DIR=/x/hadoop/hdfs/data /y/hadoop/hdfs/data
2014-12-13 05:32:35,424 INFO  [main] util.ServerCommandLine: env:LANG=en_US.UTF-8
2014-12-13 05:32:35,424 INFO  [main] util.ServerCommandLine: env:HBASE_LOG_PREFIX=hbase-root-master-dn1.hadoop.com
2014-12-13 05:32:35,424 INFO  [main] util.ServerCommandLine: env:HBASE_IDENT_STRING=root
2014-12-13 05:32:35,430 INFO  [main] util.ServerCommandLine: vmName=Java HotSpot(TM) 64-Bit Server VM, vmVendor=Oracle Corporation, vmVersion=24.51-b03
2014-12-13 05:32:35,434 INFO  [main] util.ServerCommandLine: vmInputArguments=[-Dproc_master, -XX:OnOutOfMemoryError=kill -9 %p, -Xmx1000m, -XX:+UseConcMarkSweepGC, -Dhbase.log.dir=/apache/hbase/logs, -Dhbase.log.file=hbase-root-master-dn1.hadoop.com.log, -Dhbase.home.dir=/apache/hbase, -Dhbase.id.str=root, -Dhbase.root.logger=INFO,RFA, -Djava.library.path=:/apache/hadoop/lib/native:/apache/hadoop/share/hadoop/mapreduce:/apache/hadoop/share/hadoop/hdfs:/apache/hadoop/share/hadoop/yarn:/apache/hadoop/share/hadoop/common::/apache/hadoop/lib/native:/apache/hadoop/share/hadoop/mapreduce:/apache/hadoop/share/hadoop/hdfs:/apache/hadoop/share/hadoop/yarn:/apache/hadoop/share/hadoop/common:/apache/hadoop-2.4.1/lib/native, -Dhbase.security.logger=INFO,RFAS]
2014-12-13 05:32:35,731 DEBUG [main] master.HMaster: master/dn1.hadoop.com/192.168.1.10:60000 HConnection server-to-server retries=350
2014-12-13 05:32:36,010 INFO  [main] ipc.RpcServer: master/dn1.hadoop.com/192.168.1.10:60000: started 10 reader(s).
2014-12-13 05:32:36,102 INFO  [main] impl.MetricsConfig: loaded properties from hadoop-metrics2-hbase.properties
2014-12-13 05:32:36,192 INFO  [main] impl.MetricsSystemImpl: Scheduled snapshot period at 10 second(s).
2014-12-13 05:32:36,192 INFO  [main] impl.MetricsSystemImpl: HBase metrics system started
2014-12-13 05:32:36,804 WARN  [main] util.NativeCodeLoader: Unable to load native-hadoop library for your platform... using builtin-java classes where applicable
2014-12-13 05:32:37,736 INFO  [main] master.HMaster: hbase.rootdir=hdfs://hacluster:8020/hbase, hbase.cluster.distributed=true
2014-12-13 05:32:37,741 INFO  [main] Configuration.deprecation: mapred.task.id is deprecated. Instead, use mapreduce.task.attempt.id
2014-12-13 05:32:37,833 INFO  [main] zookeeper.RecoverableZooKeeper: Process identifier=master:60000 connecting to ZooKeeper ensemble=localhost:2181
2014-12-13 05:32:37,842 INFO  [main] zookeeper.ZooKeeper: Client environment:zookeeper.version=3.4.6-1569965, built on 02/20/2014 09:09 GMT
2014-12-13 05:32:37,842 INFO  [main] zookeeper.ZooKeeper: Client environment:host.name=dn1.hadoop.com
2014-12-13 05:32:37,842 INFO  [main] zookeeper.ZooKeeper: Client environment:java.version=1.7.0_51
2014-12-13 05:32:37,842 INFO  [main] zookeeper.ZooKeeper: Client environment:java.vendor=Oracle Corporation
2014-12-13 05:32:37,842 INFO  [main] zookeeper.ZooKeeper: Client environment:java.home=/usr/local/jdk1.7.0_51/jre
2014-12-13 05:32:37,842 INFO  [main] zookeeper.ZooKeeper: Client environment:java.class.path=/apache/hbase/conf:/usr/java/default/lib/tools.jar:/apache/hbase:/apache/hbase/lib/activation-1.1.jar:/apache/hbase/lib/aopalliance-1.0.jar:/apache/hbase/lib/asm-3.1.jar:/apache/hbase/lib/avro-1.7.4.jar:/apache/hbase/lib/commons-beanutils-1.7.0.jar:/apache/hbase/lib/commons-beanutils-core-1.8.0.jar:/apache/hbase/lib/commons-cli-1.2.jar:/apache/hbase/lib/commons-codec-1.7.jar:/apache/hbase/lib/commons-collections-3.2.1.jar:/apache/hbase/lib/commons-compress-1.4.1.jar:/apache/hbase/lib/commons-configuration-1.6.jar:/apache/hbase/lib/commons-daemon-1.0.13.jar:/apache/hbase/lib/commons-digester-1.8.jar:/apache/hbase/lib/commons-el-1.0.jar:/apache/hbase/lib/commons-httpclient-3.1.jar:/apache/hbase/lib/commons-io-2.4.jar:/apache/hbase/lib/commons-lang-2.6.jar:/apache/hbase/lib/commons-logging-1.1.1.jar:/apache/hbase/lib/commons-math-2.1.jar:/apache/hbase/lib/commons-net-3.1.jar:/apache/hbase/lib/findbugs-annotations-1.3.9-1.jar:/apache/hbase/lib/gmbal-api-only-3.0.0-b023.jar:/apache/hbase/lib/grizzly-framework-2.1.2.jar:/apache/hbase/lib/grizzly-http-2.1.2.jar:/apache/hbase/lib/grizzly-http-server-2.1.2.jar:/apache/hbase/lib/grizzly-http-servlet-2.1.2.jar:/apache/hbase/lib/grizzly-rcm-2.1.2.jar:/apache/hbase/lib/guava-12.0.1.jar:/apache/hbase/lib/guice-3.0.jar:/apache/hbase/lib/guice-servlet-3.0.jar:/apache/hbase/lib/hadoop-annotations-2.2.0.jar:/apache/hbase/lib/hadoop-auth-2.2.0.jar:/apache/hbase/lib/hadoop-client-2.2.0.jar:/apache/hbase/lib/hadoop-common-2.2.0.jar:/apache/hbase/lib/hadoop-hdfs-2.2.0.jar:/apache/hbase/lib/hadoop-mapreduce-client-app-2.2.0.jar:/apache/hbase/lib/hadoop-mapreduce-client-common-2.2.0.jar:/apache/hbase/lib/hadoop-mapreduce-client-core-2.2.0.jar:/apache/hbase/lib/hadoop-mapreduce-client-jobclient-2.2.0.jar:/apache/hbase/lib/hadoop-mapreduce-client-shuffle-2.2.0.jar:/apache/hbase/lib/hadoop-yarn-api-2.2.0.jar:/apache/hbase/lib/hadoop-yarn-client-2.2.0.jar:/apache/hbase/lib/hadoop-yarn-common-2.2.0.jar:/apache/hbase/lib/hadoop-yarn-server-common-2.2.0.jar:/apache/hbase/lib/hadoop-yarn-server-nodemanager-2.2.0.jar:/apache/hbase/lib/hamcrest-core-1.3.jar:/apache/hbase/lib/hbase-annotations-0.98.8-hadoop2.jar:/apache/hbase/lib/hbase-checkstyle-0.98.8-hadoop2.jar:/apache/hbase/lib/hbase-client-0.98.8-hadoop2.jar:/apache/hbase/lib/hbase-common-0.98.8-hadoop2.jar:/apache/hbase/lib/hbase-common-0.98.8-hadoop2-tests.jar:/apache/hbase/lib/hbase-examples-0.98.8-hadoop2.jar:/apache/hbase/lib/hbase-hadoop2-compat-0.98.8-hadoop2.jar:/apache/hbase/lib/hbase-hadoop-compat-0.98.8-hadoop2.jar:/apache/hbase/lib/hbase-it-0.98.8-hadoop2.jar:/apache/hbase/lib/hbase-it-0.98.8-hadoop2-tests.jar:/apache/hbase/lib/hbase-prefix-tree-0.98.8-hadoop2.jar:/apache/hbase/lib/hbase-protocol-0.98.8-hadoop2.jar:/apache/hbase/lib/hbase-rest-0.98.8-hadoop2.jar:/apache/hbase/lib/hbase-server-0.98.8-hadoop2.jar:/apache/hbase/lib/hbase-server-0.98.8-hadoop2-tests.jar:/apache/hbase/lib/hbase-shell-0.98.8-hadoop2.jar:/apache/hbase/lib/hbase-testing-util-0.98.8-hadoop2.jar:/apache/hbase/lib/hbase-thrift-0.98.8-hadoop2.jar:/apache/hbase/lib/high-scale-lib-1.1.1.jar:/apache/hbase/lib/htrace-core-2.04.jar:/apache/hbase/lib/httpclient-4.1.3.jar:/apache/hbase/lib/httpcore-4.1.3.jar:/apache/hbase/lib/jackson-core-asl-1.8.8.jar:/apache/hbase/lib/jackson-jaxrs-1.8.8.jar:/apache/hbase/lib/jackson-mapper-asl-1.8.8.jar:/apache/hbase/lib/jackson-xc-1.8.8.jar:/apache/hbase/lib/jamon-runtime-2.3.1.jar:/apache/hbase/lib/jasper-compiler-5.5.23.jar:/apache/hbase/lib/jasper-runtime-5.5.23.jar:/apache/hbase/lib/javax.inject-1.jar:/apache/hbase/lib/javax.servlet-3.1.jar:/apache/hbase/lib/javax.servlet-api-3.0.1.jar:/apache/hbase/lib/jaxb-api-2.2.2.jar:/apache/hbase/lib/jaxb-impl-2.2.3-1.jar:/apache/hbase/lib/jcodings-1.0.8.jar:/apache/hbase/lib/jersey-client-1.9.jar:/apache/hbase/lib/jersey-core-1.8.jar:/apache/hbase/lib/jersey-grizzly2-1.9.jar:/apache/hbase/lib/jersey-guice-1.9.jar:/apache/hbase/lib/jersey-json-1.8.jar:/apache/hbase/lib/jersey-server-1.8.jar:/apache/hbase/lib/jersey-test-framework-core-1.9.jar:/apache/hbase/lib/jersey-test-framework-grizzly2-1.9.jar:/apache/hbase/lib/jets3t-0.6.1.jar:/apache/hbase/lib/jettison-1.3.1.jar:/apache/hbase/lib/jetty-6.1.26.jar:/apache/hbase/lib/jetty-sslengine-6.1.26.jar:/apache/hbase/lib/jetty-util-6.1.26.jar:/apache/hbase/lib/joni-2.1.2.jar:/apache/hbase/lib/jruby-complete-1.6.8.jar:/apache/hbase/lib/jsch-0.1.42.jar:/apache/hbase/lib/jsp-2.1-6.1.14.jar:/apache/hbase/lib/jsp-api-2.1-6.1.14.jar:/apache/hbase/lib/jsr305-1.3.9.jar:/apache/hbase/lib/junit-4.11.jar:/apache/hbase/lib/libthrift-0.9.0.jar:/apache/hbase/lib/log4j-1.2.17.jar:/apache/hbase/lib/management-api-3.0.0-b012.jar:/apache/hbase/lib/metrics-core-2.2.0.jar:/apache/hbase/lib/netty-3.6.6.Final.jar:/apache/hbase/lib/paranamer-2.3.jar:/apache/hbase/lib/protobuf-java-2.5.0.jar:/apache/hbase/lib/servlet-api-2.5-6.1.14.jar:/apache/hbase/lib/slf4j-api-1.6.4.jar:/apache/hbase/lib/slf4j-log4j12-1.6.4.jar:/apache/hbase/lib/snappy-java-1.0.4.1.jar:/apache/hbase/lib/xmlenc-0.52.jar:/apache/hbase/lib/xz-1.0.jar:/apache/hbase/lib/zookeeper-3.4.6.jar:/apache/hadoop/conf:/apache/hadoop-2.4.1/share/hadoop/common/lib/log4j-1.2.17.jar:/apache/hadoop-2.4.1/share/hadoop/common/lib/jersey-core-1.9.jar:/apache/hadoop-2.4.1/share/hadoop/common/lib/guava-11.0.2.jar:/apache/hadoop-2.4.1/share/hadoop/common/lib/commons-el-1.0.jar:/apache/hadoop-2.4.1/share/hadoop/common/lib/commons-net-3.1.jar:/apache/hadoop-2.4.1/share/hadoop/common/lib/jettison-1.1.jar:/apache/hadoop-2.4.1/share/hadoop/common/lib/jasper-runtime-5.5.23.jar:/apache/hadoop-2.4.1/share/hadoop/common/lib/xz-1.0.jar:/apache/hadoop-2.4.1/share/hadoop/common/lib/xmlenc-0.52.jar:/apache/hadoop-2.4.1/share/hadoop/common/lib/commons-collections-3.2.1.jar:/apache/hadoop-2.4.1/share/hadoop/common/lib/commons-compress-1.4.1.jar:/apache/hadoop-2.4.1/share/hadoop/common/lib/jsp-api-2.1.jar:/apache/hadoop-2.4.1/share/hadoop/common/lib/slf4j-log4j12-1.7.5.jar:/apache/hadoop-2.4.1/share/hadoop/common/lib/mockito-all-1.8.5.jar:/apache/hadoop-2.4.1/share/hadoop/common/lib/commons-math3-3.1.1.jar:/apache/hadoop-2.4.1/share/hadoop/common/lib/asm-3.2.jar:/apache/hadoop-2.4.1/share/hadoop/common/lib/commons-httpclient-3.1.jar:/apache/hadoop-2.4.1/share/hadoop/common/lib/hadoop-auth-2.4.1.jar:/apache/hadoop-2.4.1/share/hadoop/common/lib/jaxb-impl-2.2.3-1.jar:/apache/hadoop-2.4.1/share/hadoop/common/lib/protobuf-java-2.5.0.jar:/apache/hadoop-2.4.1/share/hadoop/common/lib/jersey-json-1.9.jar:/apache/hadoop-2.4.1/share/hadoop/common/lib/netty-3.6.2.Final.jar:/apache/hadoop-2.4.1/share/hadoop/common/lib/commons-logging-1.1.3.jar:/apache/hadoop-2.4.1/share/hadoop/common/lib/commons-beanutils-1.7.0.jar:/apache/hadoop-2.4.1/share/hadoop/common/lib/jetty-util-6.1.26.jar:/apache/hadoop-2.4.1/share/hadoop/common/lib/jersey-server-1.9.jar:/apache/hadoop-2.4.1/share/hadoop/common/lib/zookeeper-3.4.5.jar:/apache/hadoop-2.4.1/share/hadoop/common/lib/java-xmlbuilder-0.4.jar:/apache/hadoop-2.4.1/share/hadoop/common/lib/jsr305-1.3.9.jar:/apache/hadoop-2.4.1/share/hadoop/common/lib/jackson-mapper-asl-1.8.8.jar:/apache/hadoop-2.4.1/share/hadoop/common/lib/commons-configuration-1.6.jar:/apache/hadoop-2.4.1/share/hadoop/common/lib/hadoop-annotations-2.4.1.jar:/apache/hadoop-2.4.1/share/hadoop/common/lib/activation-1.1.jar:/apache/hadoop-2.4.1/share/hadoop/common/lib/commons-codec-1.4.jar:/apache/hadoop-2.4.1/share/hadoop/common/lib/jsch-0.1.42.jar:/apache/hadoop-2.4.1/share/hadoop/common/lib/servlet-api-2.5.jar:/apache/hadoop-2.4.1/share/hadoop/common/lib/commons-cli-1.2.jar:/apache/hadoop-2.4.1/share/hadoop/common/lib/commons-beanutils-core-1.8.0.jar:/apache/hadoop-2.4.1/share/hadoop/common/lib/jaxb-api-2.2.2.jar:/apache/hadoop-2.4.1/share/hadoop/common/lib/jackson-xc-1.8.8.jar:/apache/hadoop-2.4.1/share/hadoop/common/lib/jetty-6.1.26.jar:/apache/hadoop-2.4.1/share/hadoop/common/lib/junit-4.8.2.jar:/apache/hadoop-2.4.1/share/hadoop/common/lib/httpclient-4.2.5.jar:/apache/hadoop-2.4.1/share/hadoop/common/lib/jasper-compiler-5.5.23.jar:/apache/hadoop-2.4.1/share/hadoop/common/lib/jackson-core-asl-1.8.8.jar:/apache/hadoop-2.4.1/share/hadoop/common/lib/jets3t-0.9.0.jar:/apache/hadoop-2.4.1/share/hadoop/common/lib/paranamer-2.3.jar:/apache/hadoop-2.4.1/share/hadoop/common/lib/jackson-jaxrs-1.8.8.jar:/apache/hadoop-2.4.1/share/hadoop/common/lib/stax-api-1.0-2.jar:/apache/hadoop-2.4.1/share/hadoop/common/lib/commons-digester-1.8.jar:/apache/hadoop-2.4.1/share/hadoop/common/lib/commons-lang-2.6.jar:/apache/hadoop-2.4.1/share/hadoop/common/lib/avro-1.7.4.jar:/apache/hadoop-2.4.1/share/hadoop/common/lib/commons-io-2.4.jar:/apache/hadoop-2.4.1/share/hadoop/common/lib/slf4j-api-1.7.5.jar:/apache/hadoop-2.4.1/share/hadoop/common/lib/httpcore-4.2.5.jar:/apache/hadoop-2.4.1/share/hadoop/common/lib/snappy-java-1.0.4.1.jar:/apache/hadoop-2.4.1/share/hadoop/common/hadoop-common-2.4.1.jar:/apache/hadoop-2.4.1/share/hadoop/common/hadoop-common-2.4.1-tests.jar:/apache/hadoop-2.4.1/share/hadoop/common/hadoop-nfs-2.4.1.jar:/apache/hadoop-2.4.1/share/hadoop/hdfs:/apache/hadoop-2.4.1/share/hadoop/hdfs/lib/log4j-1.2.17.jar:/apache/hadoop-2.4.1/share/hadoop/hdfs/lib/jersey-core-1.9.jar:/apache/hadoop-2.4.1/share/hadoop/hdfs/lib/guava-11.0.2.jar:/apache/hadoop-2.4.1/share/hadoop/hdfs/lib/commons-el-1.0.jar:/apache/hadoop-2.4.1/share/hadoop/hdfs/lib/jasper-runtime-5.5.23.jar:/apache/hadoop-2.4.1/share/hadoop/hdfs/lib/xmlenc-0.52.jar:/apache/hadoop-2.4.1/share/hadoop/hdfs/lib/commons-daemon-1.0.13.jar:/apache/hadoop-2.4.1/share/hadoop/hdfs/lib/jsp-api-2.1.jar:/apache/hadoop-2.4.1/share/hadoop/hdfs/lib/asm-3.2.jar:/apache/hadoop-2.4.1/share/hadoop/hdfs/lib/protobuf-java-2.5.0.jar:/apache/hadoop-2.4.1/share/hadoop/hdfs/lib/netty-3.6.2.Final.jar:/apache/hadoop-2.4.1/share/hadoop/hdfs/lib/commons-logging-1.1.3.jar:/apache/hadoop-2.4.1/share/hadoop/hdfs/lib/jetty-util-6.1.26.jar:/apache/hadoop-2.4.1/share/hadoop/hdfs/lib/jersey-server-1.9.jar:/apache/hadoop-2.4.1/share/hadoop/hdfs/lib/jsr305-1.3.9.jar:/apache/hadoop-2.4.1/share/hadoop/hdfs/lib/jackson-mapper-asl-1.8.8.jar:/apache/hadoop-2.4.1/share/hadoop/hdfs/lib/commons-codec-1.4.jar:/apache/hadoop-2.4.1/share/hadoop/hdfs/lib/servlet-api-2.5.jar:/apache/hadoop-2.4.1/share/hadoop/hdfs/lib/commons-cli-1.2.jar:/apache/hadoop-2.4.1/share/hadoop/hdfs/lib/jetty-6.1.26.jar:/apache/hadoop-2.4.1/share/hadoop/hdfs/lib/jackson-core-asl-1.8.8.jar:/apache/hadoop-2.4.1/share/hadoop/hdfs/lib/commons-lang-2.6.jar:/apache/hadoop-2.4.1/share/hadoop/hdfs/lib/commons-io-2.4.jar:/apache/hadoop-2.4.1/share/hadoop/hdfs/hadoop-hdfs-2.4.1-tests.jar:/apache/hadoop-2.4.1/share/hadoop/hdfs/hadoop-hdfs-nfs-2.4.1.jar:/apache/hadoop-2.4.1/share/hadoop/hdfs/hadoop-hdfs-2.4.1.jar:/apache/hadoop-2.4.1/share/hadoop/yarn/lib/log4j-1.2.17.jar:/apache/hadoop-2.4.1/share/hadoop/yarn/lib/jersey-core-1.9.jar:/apache/hadoop-2.4.1/share/hadoop/yarn/lib/guava-11.0.2.jar:/apache/hadoop-2.4.1/share/hadoop/yarn/lib/leveldbjni-all-1.8.jar:/apache/hadoop-2.4.1/share/hadoop/yarn/lib/jettison-1.1.jar:/apache/hadoop-2.4.1/share/hadoop/yarn/lib/aopalliance-1.0.jar:/apache/hadoop-2.4.1/share/hadoop/yarn/lib/xz-1.0.jar:/apache/hadoop-2.4.1/share/hadoop/yarn/lib/commons-collections-3.2.1.jar:/apache/hadoop-2.4.1/share/hadoop/yarn/lib/commons-compress-1.4.1.jar:/apache/hadoop-2.4.1/share/hadoop/yarn/lib/asm-3.2.jar:/apache/hadoop-2.4.1/share/hadoop/yarn/lib/commons-httpclient-3.1.jar:/apache/hadoop-2.4.1/share/hadoop/yarn/lib/jline-0.9.94.jar:/apache/hadoop-2.4.1/share/hadoop/yarn/lib/jaxb-impl-2.2.3-1.jar:/apache/hadoop-2.4.1/share/hadoop/yarn/lib/protobuf-java-2.5.0.jar:/apache/hadoop-2.4.1/share/hadoop/yarn/lib/jersey-json-1.9.jar:/apache/hadoop-2.4.1/share/hadoop/yarn/lib/commons-logging-1.1.3.jar:/apache/hadoop-2.4.1/share/hadoop/yarn/lib/jetty-util-6.1.26.jar:/apache/hadoop-2.4.1/share/hadoop/yarn/lib/jersey-server-1.9.jar:/apache/hadoop-2.4.1/share/hadoop/yarn/lib/zookeeper-3.4.5.jar:/apache/hadoop-2.4.1/share/hadoop/yarn/lib/jsr305-1.3.9.jar:/apache/hadoop-2.4.1/share/hadoop/yarn/lib/jackson-mapper-asl-1.8.8.jar:/apache/hadoop-2.4.1/share/hadoop/yarn/lib/jersey-guice-1.9.jar:/apache/hadoop-2.4.1/share/hadoop/yarn/lib/activation-1.1.jar:/apache/hadoop-2.4.1/share/hadoop/yarn/lib/commons-codec-1.4.jar:/apache/hadoop-2.4.1/share/hadoop/yarn/lib/servlet-api-2.5.jar:/apache/hadoop-2.4.1/share/hadoop/yarn/lib/commons-cli-1.2.jar:/apache/hadoop-2.4.1/share/hadoop/yarn/lib/jersey-client-1.9.jar:/apache/hadoop-2.4.1/share/hadoop/yarn/lib/jaxb-api-2.2.2.jar:/apache/hadoop-2.4.1/share/hadoop/yarn/lib/jackson-xc-1.8.8.jar:/apache/hadoop-2.4.1/share/hadoop/yarn/lib/jetty-6.1.26.jar:/apache/hadoop-2.4.1/share/hadoop/yarn/lib/javax.inject-1.jar:/apache/hadoop-2.4.1/share/hadoop/yarn/lib/guice-3.0.jar:/apache/hadoop-2.4.1/share/hadoop/yarn/lib/jackson-core-asl-1.8.8.jar:/apache/hadoop-2.4.1/share/hadoop/yarn/lib/jackson-jaxrs-1.8.8.jar:/apache/hadoop-2.4.1/share/hadoop/yarn/lib/stax-api-1.0-2.jar:/apache/hadoop-2.4.1/share/hadoop/yarn/lib/commons-lang-2.6.jar:/apache/hadoop-2.4.1/share/hadoop/yarn/lib/commons-io-2.4.jar:/apache/hadoop-2.4.1/share/hadoop/yarn/lib/guice-servlet-3.0.jar:/apache/hadoop-2.4.1/share/hadoop/yarn/hadoop-yarn-server-tests-2.4.1.jar:/apache/hadoop-2.4.1/share/hadoop/yarn/hadoop-yarn-server-resourcemanager-2.4.1.jar:/apache/hadoop-2.4.1/share/hadoop/yarn/hadoop-yarn-server-applicationhistoryservice-2.4.1.jar:/apache/hadoop-2.4.1/share/hadoop/yarn/hadoop-yarn-server-web-proxy-2.4.1.jar:/apache/hadoop-2.4.1/share/hadoop/yarn/hadoop-yarn-common-2.4.1.jar:/apache/hadoop-2.4.1/share/hadoop/yarn/hadoop-yarn-applications-distributedshell-2.4.1.jar:/apache/hadoop-2.4.1/share/hadoop/yarn/hadoop-yarn-server-common-2.4.1.jar:/apache/hadoop-2.4.1/share/hadoop/yarn/hadoop-yarn-client-2.4.1.jar:/apache/hadoop-2.4.1/share/hadoop/yarn/hadoop-yarn-api-2.4.1.jar:/apache/hadoop-2.4.1/share/hadoop/yarn/hadoop-yarn-applications-unmanaged-am-launcher-2.4.1.jar:/apache/hadoop-2.4.1/share/hadoop/yarn/hadoop-yarn-server-nodemanager-2.4.1.jar:/apache/hadoop-2.4.1/share/hadoop/mapreduce/lib/log4j-1.2.17.jar:/apache/hadoop-2.4.1/share/hadoop/mapreduce/lib/jersey-core-1.9.jar:/apache/hadoop-2.4.1/share/hadoop/mapreduce/lib/aopalliance-1.0.jar:/apache/hadoop-2.4.1/share/hadoop/mapreduce/lib/xz-1.0.jar:/apache/hadoop-2.4.1/share/hadoop/mapreduce/lib/commons-compress-1.4.1.jar:/apache/hadoop-2.4.1/share/hadoop/mapreduce/lib/asm-3.2.jar:/apache/hadoop-2.4.1/share/hadoop/mapreduce/lib/protobuf-java-2.5.0.jar:/apache/hadoop-2.4.1/share/hadoop/mapreduce/lib/netty-3.6.2.Final.jar:/apache/hadoop-2.4.1/share/hadoop/mapreduce/lib/jersey-server-1.9.jar:/apache/hadoop-2.4.1/share/hadoop/mapreduce/lib/jackson-mapper-asl-1.8.8.jar:/apache/hadoop-2.4.1/share/hadoop/mapreduce/lib/jersey-guice-1.9.jar:/apache/hadoop-2.4.1/share/hadoop/mapreduce/lib/hadoop-annotations-2.4.1.jar:/apache/hadoop-2.4.1/share/hadoop/mapreduce/lib/junit-4.10.jar:/apache/hadoop-2.4.1/share/hadoop/mapreduce/lib/javax.inject-1.jar:/apache/hadoop-2.4.1/share/hadoop/mapreduce/lib/guice-3.0.jar:/apache/hadoop-2.4.1/share/hadoop/mapreduce/lib/jackson-core-asl-1.8.8.jar:/apache/hadoop-2.4.1/share/hadoop/mapreduce/lib/hamcrest-core-1.1.jar:/apache/hadoop-2.4.1/share/hadoop/mapreduce/lib/paranamer-2.3.jar:/apache/hadoop-2.4.1/share/hadoop/mapreduce/lib/avro-1.7.4.jar:/apache/hadoop-2.4.1/share/hadoop/mapreduce/lib/commons-io-2.4.jar:/apache/hadoop-2.4.1/share/hadoop/mapreduce/lib/snappy-java-1.0.4.1.jar:/apache/hadoop-2.4.1/share/hadoop/mapreduce/lib/guice-servlet-3.0.jar:/apache/hadoop-2.4.1/share/hadoop/mapreduce/hadoop-mapreduce-client-jobclient-2.4.1-tests.jar:/apache/hadoop-2.4.1/share/hadoop/mapreduce/hadoop-mapreduce-client-jobclient-2.4.1.jar:/apache/hadoop-2.4.1/share/hadoop/mapreduce/hadoop-mapreduce-client-hs-plugins-2.4.1.jar:/apache/hadoop-2.4.1/share/hadoop/mapreduce/hadoop-mapreduce-client-app-2.4.1.jar:/apache/hadoop-2.4.1/share/hadoop/mapreduce/hadoop-mapreduce-client-hs-2.4.1.jar:/apache/hadoop-2.4.1/share/hadoop/mapreduce/hadoop-mapreduce-examples-2.4.1.jar:/apache/hadoop-2.4.1/share/hadoop/mapreduce/hadoop-mapreduce-client-shuffle-2.4.1.jar:/apache/hadoop-2.4.1/share/hadoop/mapreduce/hadoop-mapreduce-client-common-2.4.1.jar:/apache/hadoop-2.4.1/share/hadoop/mapreduce/hadoop-mapreduce-client-core-2.4.1.jar:/apache/hadoop/lib/native:/apache/hadoop/share/hadoop/common/lib:/apache/hadoop/share/hadoop/hdfs/lib:/apache/hadoop/share/hadoop/mapreduce/lib:/apache/hadoop/share/hadoop/yarn/lib:/apache/hadoop/conf::/apache/hadoop/contrib/capacity-scheduler/*.jar:/apache/hadoop/conf
2014-12-13 05:32:37,842 INFO  [main] zookeeper.ZooKeeper: Client environment:java.library.path=:/apache/hadoop/lib/native:/apache/hadoop/share/hadoop/mapreduce:/apache/hadoop/share/hadoop/hdfs:/apache/hadoop/share/hadoop/yarn:/apache/hadoop/share/hadoop/common::/apache/hadoop/lib/native:/apache/hadoop/share/hadoop/mapreduce:/apache/hadoop/share/hadoop/hdfs:/apache/hadoop/share/hadoop/yarn:/apache/hadoop/share/hadoop/common:/apache/hadoop-2.4.1/lib/native
2014-12-13 05:32:37,842 INFO  [main] zookeeper.ZooKeeper: Client environment:java.io.tmpdir=/tmp
2014-12-13 05:32:37,842 INFO  [main] zookeeper.ZooKeeper: Client environment:java.compiler=<NA>
2014-12-13 05:32:37,842 INFO  [main] zookeeper.ZooKeeper: Client environment:os.name=Linux
2014-12-13 05:32:37,842 INFO  [main] zookeeper.ZooKeeper: Client environment:os.arch=amd64
2014-12-13 05:32:37,842 INFO  [main] zookeeper.ZooKeeper: Client environment:os.version=2.6.32-504.el6.x86_64
2014-12-13 05:32:37,842 INFO  [main] zookeeper.ZooKeeper: Client environment:user.name=root
2014-12-13 05:32:37,842 INFO  [main] zookeeper.ZooKeeper: Client environment:user.home=/root
2014-12-13 05:32:37,842 INFO  [main] zookeeper.ZooKeeper: Client environment:user.dir=/usr/local/hbase-0.98.8-hadoop2/conf
2014-12-13 05:32:37,843 INFO  [main] zookeeper.ZooKeeper: Initiating client connection, connectString=localhost:2181 sessionTimeout=90000 watcher=master:60000, quorum=localhost:2181, baseZNode=/hbase
2014-12-13 05:32:37,882 INFO  [main-SendThread(localhost:2181)] zookeeper.ClientCnxn: Opening socket connection to server localhost/0:0:0:0:0:0:0:1:2181. Will not attempt to authenticate using SASL (unknown error)
2014-12-13 05:32:37,892 INFO  [main-SendThread(localhost:2181)] zookeeper.ClientCnxn: Socket connection established to localhost/0:0:0:0:0:0:0:1:2181, initiating session
2014-12-13 05:32:37,909 INFO  [main-SendThread(localhost:2181)] zookeeper.ClientCnxn: Session establishment complete on server localhost/0:0:0:0:0:0:0:1:2181, sessionid = 0x34a3fbdc23f0000, negotiated timeout = 40000
2014-12-13 05:32:37,953 INFO  [RpcServer.responder] ipc.RpcServer: RpcServer.responder: starting
2014-12-13 05:32:37,958 INFO  [RpcServer.listener,port=60000] ipc.RpcServer: RpcServer.listener,port=60000: starting
2014-12-13 05:32:38,017 INFO  [master:dn1:60000] mortbay.log: Logging to org.slf4j.impl.Log4jLoggerAdapter(org.mortbay.log) via org.mortbay.log.Slf4jLog
2014-12-13 05:32:38,082 INFO  [master:dn1:60000] http.HttpServer: Added global filter 'safety' (class=org.apache.hadoop.http.HttpServer$QuotingInputFilter)
2014-12-13 05:32:38,084 INFO  [master:dn1:60000] http.HttpServer: Added filter static_user_filter (class=org.apache.hadoop.http.lib.StaticUserWebFilter$StaticUserFilter) to context master
2014-12-13 05:32:38,085 INFO  [master:dn1:60000] http.HttpServer: Added filter static_user_filter (class=org.apache.hadoop.http.lib.StaticUserWebFilter$StaticUserFilter) to context static
2014-12-13 05:32:38,099 INFO  [master:dn1:60000] http.HttpServer: Jetty bound to port 60010
2014-12-13 05:32:38,099 INFO  [master:dn1:60000] mortbay.log: jetty-6.1.26
2014-12-13 05:32:38,722 INFO  [master:dn1:60000] mortbay.log: Started SelectChannelConnector@0.0.0.0:60010
2014-12-13 05:32:38,950 DEBUG [main-EventThread] master.ActiveMasterManager: A master is now available
2014-12-13 05:32:38,952 INFO  [master:dn1:60000] master.ActiveMasterManager: Registered Active Master=dn1.hadoop.com,60000,1418428956436
2014-12-13 05:32:38,962 INFO  [master:dn1:60000] Configuration.deprecation: fs.default.name is deprecated. Instead, use fs.defaultFS
2014-12-13 05:32:39,624 INFO  [master:dn1:60000] util.FSUtils: Created version file at hdfs://hacluster:8020/hbase with version=8
2014-12-13 05:32:39,713 DEBUG [master:dn1:60000] util.FSUtils: Created cluster ID file at hdfs://hacluster:8020/hbase/hbase.id with ID: 79e443a3-ffc2-4d6f-8b42-cecb956ef9fd
2014-12-13 05:32:39,835 INFO  [master:dn1:60000] master.MasterFileSystem: BOOTSTRAP: creating hbase:meta region
2014-12-13 05:32:39,877 INFO  [master:dn1:60000] Configuration.deprecation: hadoop.native.lib is deprecated. Instead, use io.native.lib.available
2014-12-13 05:32:40,027 INFO  [master:dn1:60000] regionserver.HRegion: creating HRegion hbase:meta HTD == 'hbase:meta', {TABLE_ATTRIBUTES => {IS_META => 'true', coprocessor$1 => '|org.apache.hadoop.hbase.coprocessor.MultiRowMutationEndpoint|536870911|'}, {NAME => 'info', DATA_BLOCK_ENCODING => 'NONE', BLOOMFILTER => 'NONE', REPLICATION_SCOPE => '0', COMPRESSION => 'NONE', VERSIONS => '10', TTL => 'FOREVER', MIN_VERSIONS => '0', KEEP_DELETED_CELLS => 'FALSE', BLOCKSIZE => '8192', IN_MEMORY => 'false', BLOCKCACHE => 'false'} RootDir = hdfs://hacluster:8020/hbase Table name == hbase:meta
2014-12-13 05:32:40,095 INFO  [master:dn1:60000] wal.FSHLog: WAL/HLog configuration: blocksize=128 MB, rollsize=121.60 MB, enabled=true
2014-12-13 05:32:40,171 INFO  [master:dn1:60000] wal.FSHLog: New WAL /hbase/data/hbase/meta/1588230740/WALs/hlog.1418428960108
2014-12-13 05:32:40,187 DEBUG [master:dn1:60000] regionserver.HRegion: Instantiated hbase:meta,,1.1588230740
2014-12-13 05:32:40,277 INFO  [StoreOpener-1588230740-1] compactions.CompactionConfiguration: size [134217728, 9223372036854775807); files [3, 10); ratio 1.200000; off-peak ratio 5.000000; throttle point 2684354560; major period 604800000, major jitter 0.500000
2014-12-13 05:32:40,286 DEBUG [StoreOpener-1588230740-1] regionserver.HRegionFileSystem: No StoreFiles for: hdfs://hacluster:8020/hbase/data/hbase/meta/1588230740/info
2014-12-13 05:32:40,294 INFO  [StoreOpener-1588230740-1] util.ChecksumType: Checksum using org.apache.hadoop.util.PureJavaCrc32
2014-12-13 05:32:40,294 INFO  [StoreOpener-1588230740-1] util.ChecksumType: Checksum can use org.apache.hadoop.util.PureJavaCrc32C
2014-12-13 05:32:40,297 DEBUG [master:dn1:60000] regionserver.HRegion: Found 0 recovered edits file(s) under hdfs://hacluster:8020/hbase/data/hbase/meta/1588230740
2014-12-13 05:32:40,303 INFO  [master:dn1:60000] regionserver.HRegion: Onlined 1588230740; next sequenceid=1
2014-12-13 05:32:40,303 DEBUG [master:dn1:60000] regionserver.HRegion: Closing hbase:meta,,1.1588230740: disabling compactions & flushes
2014-12-13 05:32:40,303 DEBUG [master:dn1:60000] regionserver.HRegion: Updates disabled for region hbase:meta,,1.1588230740
2014-12-13 05:32:40,305 INFO  [StoreCloserThread-hbase:meta,,1.1588230740-1] regionserver.HStore: Closed info
2014-12-13 05:32:40,305 INFO  [master:dn1:60000] regionserver.HRegion: Closed hbase:meta,,1.1588230740
2014-12-13 05:32:40,305 DEBUG [master:dn1:60000-WAL.AsyncNotifier] wal.FSHLog: master:dn1:60000-WAL.AsyncNotifier interrupted while waiting for  notification from AsyncSyncer thread
2014-12-13 05:32:40,305 INFO  [master:dn1:60000-WAL.AsyncNotifier] wal.FSHLog: master:dn1:60000-WAL.AsyncNotifier exiting
2014-12-13 05:32:40,305 DEBUG [master:dn1:60000-WAL.AsyncSyncer0] wal.FSHLog: master:dn1:60000-WAL.AsyncSyncer0 interrupted while waiting for notification from AsyncWriter thread
2014-12-13 05:32:40,305 INFO  [master:dn1:60000-WAL.AsyncSyncer0] wal.FSHLog: master:dn1:60000-WAL.AsyncSyncer0 exiting
2014-12-13 05:32:40,305 DEBUG [master:dn1:60000-WAL.AsyncSyncer1] wal.FSHLog: master:dn1:60000-WAL.AsyncSyncer1 interrupted while waiting for notification from AsyncWriter thread
2014-12-13 05:32:40,305 INFO  [master:dn1:60000-WAL.AsyncSyncer1] wal.FSHLog: master:dn1:60000-WAL.AsyncSyncer1 exiting
2014-12-13 05:32:40,306 DEBUG [master:dn1:60000-WAL.AsyncSyncer2] wal.FSHLog: master:dn1:60000-WAL.AsyncSyncer2 interrupted while waiting for notification from AsyncWriter thread
2014-12-13 05:32:40,306 INFO  [master:dn1:60000-WAL.AsyncSyncer2] wal.FSHLog: master:dn1:60000-WAL.AsyncSyncer2 exiting
2014-12-13 05:32:40,306 DEBUG [master:dn1:60000-WAL.AsyncSyncer3] wal.FSHLog: master:dn1:60000-WAL.AsyncSyncer3 interrupted while waiting for notification from AsyncWriter thread
2014-12-13 05:32:40,306 INFO  [master:dn1:60000-WAL.AsyncSyncer3] wal.FSHLog: master:dn1:60000-WAL.AsyncSyncer3 exiting
2014-12-13 05:32:40,306 DEBUG [master:dn1:60000-WAL.AsyncSyncer4] wal.FSHLog: master:dn1:60000-WAL.AsyncSyncer4 interrupted while waiting for notification from AsyncWriter thread
2014-12-13 05:32:40,306 INFO  [master:dn1:60000-WAL.AsyncSyncer4] wal.FSHLog: master:dn1:60000-WAL.AsyncSyncer4 exiting
2014-12-13 05:32:40,306 DEBUG [master:dn1:60000-WAL.AsyncWriter] wal.FSHLog: master:dn1:60000-WAL.AsyncWriter interrupted while waiting for newer writes added to local buffer
2014-12-13 05:32:40,306 INFO  [master:dn1:60000-WAL.AsyncWriter] wal.FSHLog: master:dn1:60000-WAL.AsyncWriter exiting
2014-12-13 05:32:40,306 DEBUG [master:dn1:60000] wal.FSHLog: Closing WAL writer in hdfs://hacluster:8020/hbase/data/hbase/meta/1588230740/WALs
2014-12-13 05:32:40,344 DEBUG [master:dn1:60000] wal.FSHLog: Moved 1 WAL file(s) to /hbase/data/hbase/meta/1588230740/oldWALs
2014-12-13 05:32:40,420 DEBUG [master:dn1:60000] util.FSTableDescriptors: Wrote descriptor into: hdfs://hacluster:8020/hbase/data/hbase/meta/.tabledesc/.tableinfo.0000000001
2014-12-13 05:32:40,483 INFO  [master:dn1:60000] fs.HFileSystem: Added intercepting call to namenode#getBlockLocations so can do block reordering using class class org.apache.hadoop.hbase.fs.HFileSystem$ReorderWALBlocks
2014-12-13 05:32:40,490 DEBUG [master:dn1:60000] master.SplitLogManager: Distributed log replay=false, hfile.format.version=2
2014-12-13 05:32:40,493 INFO  [master:dn1:60000] master.SplitLogManager: Timeout=120000, unassigned timeout=180000, distributedLogReplay=false
2014-12-13 05:32:40,494 INFO  [master:dn1:60000] master.SplitLogManager: Found 0 orphan tasks and 0 rescan nodes
2014-12-13 05:32:40,494 DEBUG [master:dn1:60000] util.FSTableDescriptors: Fetching table descriptors from the filesystem.
2014-12-13 05:32:40,529 INFO  [master:dn1:60000] zookeeper.RecoverableZooKeeper: Process identifier=hconnection-0x26a7746c connecting to ZooKeeper ensemble=localhost:2181
2014-12-13 05:32:40,529 INFO  [master:dn1:60000] zookeeper.ZooKeeper: Initiating client connection, connectString=localhost:2181 sessionTimeout=90000 watcher=hconnection-0x26a7746c, quorum=localhost:2181, baseZNode=/hbase
2014-12-13 05:32:40,529 INFO  [master:dn1:60000-SendThread(localhost:2181)] zookeeper.ClientCnxn: Opening socket connection to server localhost/0:0:0:0:0:0:0:1:2181. Will not attempt to authenticate using SASL (unknown error)
2014-12-13 05:32:40,530 INFO  [master:dn1:60000-SendThread(localhost:2181)] zookeeper.ClientCnxn: Socket connection established to localhost/0:0:0:0:0:0:0:1:2181, initiating session
2014-12-13 05:32:40,535 INFO  [master:dn1:60000-SendThread(localhost:2181)] zookeeper.ClientCnxn: Session establishment complete on server localhost/0:0:0:0:0:0:0:1:2181, sessionid = 0x34a3fbdc23f0001, negotiated timeout = 40000
2014-12-13 05:32:40,555 DEBUG [master:dn1:60000] catalog.CatalogTracker: Starting catalog tracker org.apache.hadoop.hbase.catalog.CatalogTracker@531e418a
2014-12-13 05:32:40,614 INFO  [master:dn1:60000] master.HMaster: Server active/primary master=dn1.hadoop.com,60000,1418428956436, sessionid=0x34a3fbdc23f0000, setting cluster-up flag (Was=false)
2014-12-13 05:32:40,664 INFO  [master:dn1:60000] procedure.ZKProcedureUtil: Clearing all procedure znodes: /hbase/online-snapshot/acquired /hbase/online-snapshot/reached /hbase/online-snapshot/abort
2014-12-13 05:32:40,666 DEBUG [master:dn1:60000] procedure.ZKProcedureCoordinatorRpcs: Starting the controller for procedure member:dn1.hadoop.com,60000,1418428956436
2014-12-13 05:32:40,719 DEBUG [master:dn1:60000] executor.ExecutorService: Starting executor service name=MASTER_OPEN_REGION-dn1:60000, corePoolSize=5, maxPoolSize=5
2014-12-13 05:32:40,719 DEBUG [master:dn1:60000] executor.ExecutorService: Starting executor service name=MASTER_CLOSE_REGION-dn1:60000, corePoolSize=5, maxPoolSize=5
2014-12-13 05:32:40,719 DEBUG [master:dn1:60000] executor.ExecutorService: Starting executor service name=MASTER_SERVER_OPERATIONS-dn1:60000, corePoolSize=5, maxPoolSize=5
2014-12-13 05:32:40,719 DEBUG [master:dn1:60000] executor.ExecutorService: Starting executor service name=MASTER_META_SERVER_OPERATIONS-dn1:60000, corePoolSize=5, maxPoolSize=5
2014-12-13 05:32:40,720 DEBUG [master:dn1:60000] executor.ExecutorService: Starting executor service name=M_LOG_REPLAY_OPS-dn1:60000, corePoolSize=10, maxPoolSize=10
2014-12-13 05:32:40,720 DEBUG [master:dn1:60000] executor.ExecutorService: Starting executor service name=MASTER_TABLE_OPERATIONS-dn1:60000, corePoolSize=1, maxPoolSize=1
2014-12-13 05:32:40,720 DEBUG [master:dn1:60000] cleaner.CleanerChore: initialize cleaner=org.apache.hadoop.hbase.master.cleaner.TimeToLiveLogCleaner
2014-12-13 05:32:40,724 INFO  [master:dn1:60000] zookeeper.RecoverableZooKeeper: Process identifier=replicationLogCleaner connecting to ZooKeeper ensemble=localhost:2181
2014-12-13 05:32:40,724 INFO  [master:dn1:60000] zookeeper.ZooKeeper: Initiating client connection, connectString=localhost:2181 sessionTimeout=90000 watcher=replicationLogCleaner, quorum=localhost:2181, baseZNode=/hbase
2014-12-13 05:32:40,724 INFO  [master:dn1:60000-SendThread(localhost:2181)] zookeeper.ClientCnxn: Opening socket connection to server localhost/127.0.0.1:2181. Will not attempt to authenticate using SASL (unknown error)
2014-12-13 05:32:40,725 INFO  [master:dn1:60000-SendThread(localhost:2181)] zookeeper.ClientCnxn: Socket connection established to localhost/127.0.0.1:2181, initiating session
2014-12-13 05:32:40,731 INFO  [master:dn1:60000-SendThread(localhost:2181)] zookeeper.ClientCnxn: Session establishment complete on server localhost/127.0.0.1:2181, sessionid = 0x34a3fbdc23f0002, negotiated timeout = 40000
2014-12-13 05:32:40,745 DEBUG [master:dn1:60000] cleaner.CleanerChore: initialize cleaner=org.apache.hadoop.hbase.replication.master.ReplicationLogCleaner
2014-12-13 05:32:40,747 DEBUG [master:dn1:60000] cleaner.CleanerChore: initialize cleaner=org.apache.hadoop.hbase.master.snapshot.SnapshotLogCleaner
2014-12-13 05:32:40,748 DEBUG [master:dn1:60000] cleaner.CleanerChore: initialize cleaner=org.apache.hadoop.hbase.master.cleaner.HFileLinkCleaner
2014-12-13 05:32:40,749 DEBUG [master:dn1:60000] cleaner.CleanerChore: initialize cleaner=org.apache.hadoop.hbase.master.snapshot.SnapshotHFileCleaner
2014-12-13 05:32:40,750 DEBUG [master:dn1:60000] cleaner.CleanerChore: initialize cleaner=org.apache.hadoop.hbase.master.cleaner.TimeToLiveHFileCleaner
2014-12-13 05:32:40,750 INFO  [master:dn1:60000] master.ServerManager: Waiting for region servers count to settle; currently checked in 0, slept for 0 ms, expecting minimum of 1, maximum of 2147483647, timeout of 4500 ms, interval of 1500 ms.
2014-12-13 05:32:42,264 INFO  [master:dn1:60000] master.ServerManager: Waiting for region servers count to settle; currently checked in 0, slept for 1514 ms, expecting minimum of 1, maximum of 2147483647, timeout of 4500 ms, interval of 1500 ms.
2014-12-13 05:32:43,778 INFO  [master:dn1:60000] master.ServerManager: Waiting for region servers count to settle; currently checked in 0, slept for 3028 ms, expecting minimum of 1, maximum of 2147483647, timeout of 4500 ms, interval of 1500 ms.
2014-12-13 05:32:45,288 INFO  [master:dn1:60000] master.ServerManager: Waiting for region servers count to settle; currently checked in 0, slept for 4538 ms, expecting minimum of 1, maximum of 2147483647, timeout of 4500 ms, interval of 1500 ms.
2014-12-13 05:32:46,796 INFO  [master:dn1:60000] master.ServerManager: Waiting for region servers count to settle; currently checked in 0, slept for 6046 ms, expecting minimum of 1, maximum of 2147483647, timeout of 4500 ms, interval of 1500 ms.
2014-12-13 05:32:48,312 INFO  [master:dn1:60000] master.ServerManager: Waiting for region servers count to settle; currently checked in 0, slept for 7562 ms, expecting minimum of 1, maximum of 2147483647, timeout of 4500 ms, interval of 1500 ms.
2014-12-13 05:32:49,830 INFO  [master:dn1:60000] master.ServerManager: Waiting for region servers count to settle; currently checked in 0, slept for 9080 ms, expecting minimum of 1, maximum of 2147483647, timeout of 4500 ms, interval of 1500 ms.
2014-12-13 05:32:51,351 INFO  [master:dn1:60000] master.ServerManager: Waiting for region servers count to settle; currently checked in 0, slept for 10601 ms, expecting minimum of 1, maximum of 2147483647, timeout of 4500 ms, interval of 1500 ms.
2014-12-13 05:32:52,867 INFO  [master:dn1:60000] master.ServerManager: Waiting for region servers count to settle; currently checked in 0, slept for 12117 ms, expecting minimum of 1, maximum of 2147483647, timeout of 4500 ms, interval of 1500 ms.
2014-12-13 05:32:54,380 INFO  [master:dn1:60000] master.ServerManager: Waiting for region servers count to settle; currently checked in 0, slept for 13630 ms, expecting minimum of 1, maximum of 2147483647, timeout of 4500 ms, interval of 1500 ms.
2014-12-13 05:32:55,893 INFO  [master:dn1:60000] master.ServerManager: Waiting for region servers count to settle; currently checked in 0, slept for 15143 ms, expecting minimum of 1, maximum of 2147483647, timeout of 4500 ms, interval of 1500 ms.
2014-12-13 05:32:57,404 INFO  [master:dn1:60000] master.ServerManager: Waiting for region servers count to settle; currently checked in 0, slept for 16654 ms, expecting minimum of 1, maximum of 2147483647, timeout of 4500 ms, interval of 1500 ms.
2014-12-13 05:32:58,914 INFO  [master:dn1:60000] master.ServerManager: Waiting for region servers count to settle; currently checked in 0, slept for 18164 ms, expecting minimum of 1, maximum of 2147483647, timeout of 4500 ms, interval of 1500 ms.
2014-12-13 05:33:00,429 INFO  [master:dn1:60000] master.ServerManager: Waiting for region servers count to settle; currently checked in 0, slept for 19679 ms, expecting minimum of 1, maximum of 2147483647, timeout of 4500 ms, interval of 1500 ms.
2014-12-13 05:33:01,943 INFO  [master:dn1:60000] master.ServerManager: Waiting for region servers count to settle; currently checked in 0, slept for 21193 ms, expecting minimum of 1, maximum of 2147483647, timeout of 4500 ms, interval of 1500 ms.
2014-12-13 05:33:03,455 INFO  [master:dn1:60000] master.ServerManager: Waiting for region servers count to settle; currently checked in 0, slept for 22704 ms, expecting minimum of 1, maximum of 2147483647, timeout of 4500 ms, interval of 1500 ms.
2014-12-13 05:33:04,968 INFO  [master:dn1:60000] master.ServerManager: Waiting for region servers count to settle; currently checked in 0, slept for 24218 ms, expecting minimum of 1, maximum of 2147483647, timeout of 4500 ms, interval of 1500 ms.
2014-12-13 05:33:06,481 INFO  [master:dn1:60000] master.ServerManager: Waiting for region servers count to settle; currently checked in 0, slept for 25731 ms, expecting minimum of 1, maximum of 2147483647, timeout of 4500 ms, interval of 1500 ms.
2014-12-13 05:33:07,991 INFO  [master:dn1:60000] master.ServerManager: Waiting for region servers count to settle; currently checked in 0, slept for 27241 ms, expecting minimum of 1, maximum of 2147483647, timeout of 4500 ms, interval of 1500 ms.
2014-12-13 05:33:09,508 INFO  [master:dn1:60000] master.ServerManager: Waiting for region servers count to settle; currently checked in 0, slept for 28758 ms, expecting minimum of 1, maximum of 2147483647, timeout of 4500 ms, interval of 1500 ms.
2014-12-13 05:33:11,020 INFO  [master:dn1:60000] master.ServerManager: Waiting for region servers count to settle; currently checked in 0, slept for 30270 ms, expecting minimum of 1, maximum of 2147483647, timeout of 4500 ms, interval of 1500 ms.
2014-12-13 05:33:12,532 INFO  [master:dn1:60000] master.ServerManager: Waiting for region servers count to settle; currently checked in 0, slept for 31782 ms, expecting minimum of 1, maximum of 2147483647, timeout of 4500 ms, interval of 1500 ms.
2014-12-13 05:33:14,045 INFO  [master:dn1:60000] master.ServerManager: Waiting for region servers count to settle; currently checked in 0, slept for 33295 ms, expecting minimum of 1, maximum of 2147483647, timeout of 4500 ms, interval of 1500 ms.
2014-12-13 05:33:15,556 INFO  [master:dn1:60000] master.ServerManager: Waiting for region servers count to settle; currently checked in 0, slept for 34806 ms, expecting minimum of 1, maximum of 2147483647, timeout of 4500 ms, interval of 1500 ms.
2014-12-13 05:33:17,068 INFO  [master:dn1:60000] master.ServerManager: Waiting for region servers count to settle; currently checked in 0, slept for 36318 ms, expecting minimum of 1, maximum of 2147483647, timeout of 4500 ms, interval of 1500 ms.
2014-12-13 05:33:18,578 INFO  [master:dn1:60000] master.ServerManager: Waiting for region servers count to settle; currently checked in 0, slept for 37828 ms, expecting minimum of 1, maximum of 2147483647, timeout of 4500 ms, interval of 1500 ms.
2014-12-13 05:33:20,091 INFO  [master:dn1:60000] master.ServerManager: Waiting for region servers count to settle; currently checked in 0, slept for 39341 ms, expecting minimum of 1, maximum of 2147483647, timeout of 4500 ms, interval of 1500 ms.
2014-12-13 05:33:21,604 INFO  [master:dn1:60000] master.ServerManager: Waiting for region servers count to settle; currently checked in 0, slept for 40854 ms, expecting minimum of 1, maximum of 2147483647, timeout of 4500 ms, interval of 1500 ms.
2014-12-13 05:33:23,114 INFO  [master:dn1:60000] master.ServerManager: Waiting for region servers count to settle; currently checked in 0, slept for 42364 ms, expecting minimum of 1, maximum of 2147483647, timeout of 4500 ms, interval of 1500 ms.
2014-12-13 05:33:24,624 INFO  [master:dn1:60000] master.ServerManager: Waiting for region servers count to settle; currently checked in 0, slept for 43874 ms, expecting minimum of 1, maximum of 2147483647, timeout of 4500 ms, interval of 1500 ms.
2014-12-13 05:33:26,136 INFO  [master:dn1:60000] master.ServerManager: Waiting for region servers count to settle; currently checked in 0, slept for 45386 ms, expecting minimum of 1, maximum of 2147483647, timeout of 4500 ms, interval of 1500 ms.
2014-12-13 05:33:27,648 INFO  [master:dn1:60000] master.ServerManager: Waiting for region servers count to settle; currently checked in 0, slept for 46898 ms, expecting minimum of 1, maximum of 2147483647, timeout of 4500 ms, interval of 1500 ms.
2014-12-13 05:33:29,159 INFO  [master:dn1:60000] master.ServerManager: Waiting for region servers count to settle; currently checked in 0, slept for 48409 ms, expecting minimum of 1, maximum of 2147483647, timeout of 4500 ms, interval of 1500 ms.
2014-12-13 05:33:30,671 INFO  [master:dn1:60000] master.ServerManager: Waiting for region servers count to settle; currently checked in 0, slept for 49921 ms, expecting minimum of 1, maximum of 2147483647, timeout of 4500 ms, interval of 1500 ms.
2014-12-13 05:33:32,183 INFO  [master:dn1:60000] master.ServerManager: Waiting for region servers count to settle; currently checked in 0, slept for 51433 ms, expecting minimum of 1, maximum of 2147483647, timeout of 4500 ms, interval of 1500 ms.
2014-12-13 05:33:33,693 INFO  [master:dn1:60000] master.ServerManager: Waiting for region servers count to settle; currently checked in 0, slept for 52943 ms, expecting minimum of 1, maximum of 2147483647, timeout of 4500 ms, interval of 1500 ms.
2014-12-13 05:33:35,202 INFO  [master:dn1:60000] master.ServerManager: Waiting for region servers count to settle; currently checked in 0, slept for 54452 ms, expecting minimum of 1, maximum of 2147483647, timeout of 4500 ms, interval of 1500 ms.
2014-12-13 05:33:36,718 INFO  [master:dn1:60000] master.ServerManager: Waiting for region servers count to settle; currently checked in 0, slept for 55968 ms, expecting minimum of 1, maximum of 2147483647, timeout of 4500 ms, interval of 1500 ms.
2014-12-13 05:33:38,233 INFO  [master:dn1:60000] master.ServerManager: Waiting for region servers count to settle; currently checked in 0, slept for 57483 ms, expecting minimum of 1, maximum of 2147483647, timeout of 4500 ms, interval of 1500 ms.
2014-12-13 05:33:39,761 INFO  [master:dn1:60000] master.ServerManager: Waiting for region servers count to settle; currently checked in 0, slept for 59011 ms, expecting minimum of 1, maximum of 2147483647, timeout of 4500 ms, interval of 1500 ms.
2014-12-13 05:33:41,275 INFO  [master:dn1:60000] master.ServerManager: Waiting for region servers count to settle; currently checked in 0, slept for 60525 ms, expecting minimum of 1, maximum of 2147483647, timeout of 4500 ms, interval of 1500 ms.
2014-12-13 05:33:42,788 INFO  [master:dn1:60000] master.ServerManager: Waiting for region servers count to settle; currently checked in 0, slept for 62038 ms, expecting minimum of 1, maximum of 2147483647, timeout of 4500 ms, interval of 1500 ms.
2014-12-13 05:33:44,299 INFO  [master:dn1:60000] master.ServerManager: Waiting for region servers count to settle; currently checked in 0, slept for 63549 ms, expecting minimum of 1, maximum of 2147483647, timeout of 4500 ms, interval of 1500 ms.
2014-12-13 05:33:45,811 INFO  [master:dn1:60000] master.ServerManager: Waiting for region servers count to settle; currently checked in 0, slept for 65061 ms, expecting minimum of 1, maximum of 2147483647, timeout of 4500 ms, interval of 1500 ms.
2014-12-13 05:33:47,319 INFO  [master:dn1:60000] master.ServerManager: Waiting for region servers count to settle; currently checked in 0, slept for 66569 ms, expecting minimum of 1, maximum of 2147483647, timeout of 4500 ms, interval of 1500 ms.
2014-12-13 05:33:48,830 INFO  [master:dn1:60000] master.ServerManager: Waiting for region servers count to settle; currently checked in 0, slept for 68079 ms, expecting minimum of 1, maximum of 2147483647, timeout of 4500 ms, interval of 1500 ms.
2014-12-13 05:33:50,341 INFO  [master:dn1:60000] master.ServerManager: Waiting for region servers count to settle; currently checked in 0, slept for 69591 ms, expecting minimum of 1, maximum of 2147483647, timeout of 4500 ms, interval of 1500 ms.
2014-12-13 05:33:51,859 INFO  [master:dn1:60000] master.ServerManager: Waiting for region servers count to settle; currently checked in 0, slept for 71109 ms, expecting minimum of 1, maximum of 2147483647, timeout of 4500 ms, interval of 1500 ms.
2014-12-13 05:33:53,373 INFO  [master:dn1:60000] master.ServerManager: Waiting for region servers count to settle; currently checked in 0, slept for 72623 ms, expecting minimum of 1, maximum of 2147483647, timeout of 4500 ms, interval of 1500 ms.
2014-12-13 05:33:54,886 INFO  [master:dn1:60000] master.ServerManager: Waiting for region servers count to settle; currently checked in 0, slept for 74136 ms, expecting minimum of 1, maximum of 2147483647, timeout of 4500 ms, interval of 1500 ms.
2014-12-13 05:33:56,396 INFO  [master:dn1:60000] master.ServerManager: Waiting for region servers count to settle; currently checked in 0, slept for 75646 ms, expecting minimum of 1, maximum of 2147483647, timeout of 4500 ms, interval of 1500 ms.
2014-12-13 05:33:57,908 INFO  [master:dn1:60000] master.ServerManager: Waiting for region servers count to settle; currently checked in 0, slept for 77158 ms, expecting minimum of 1, maximum of 2147483647, timeout of 4500 ms, interval of 1500 ms.
2014-12-13 05:33:59,419 INFO  [master:dn1:60000] master.ServerManager: Waiting for region servers count to settle; currently checked in 0, slept for 78669 ms, expecting minimum of 1, maximum of 2147483647, timeout of 4500 ms, interval of 1500 ms.
2014-12-13 05:34:00,930 INFO  [master:dn1:60000] master.ServerManager: Waiting for region servers count to settle; currently checked in 0, slept for 80180 ms, expecting minimum of 1, maximum of 2147483647, timeout of 4500 ms, interval of 1500 ms.
2014-12-13 05:34:02,443 INFO  [master:dn1:60000] master.ServerManager: Waiting for region servers count to settle; currently checked in 0, slept for 81693 ms, expecting minimum of 1, maximum of 2147483647, timeout of 4500 ms, interval of 1500 ms.
2014-12-13 05:34:03,955 INFO  [master:dn1:60000] master.ServerManager: Waiting for region servers count to settle; currently checked in 0, slept for 83205 ms, expecting minimum of 1, maximum of 2147483647, timeout of 4500 ms, interval of 1500 ms.
2014-12-13 05:34:05,488 INFO  [master:dn1:60000] master.ServerManager: Waiting for region servers count to settle; currently checked in 0, slept for 84738 ms, expecting minimum of 1, maximum of 2147483647, timeout of 4500 ms, interval of 1500 ms.
2014-12-13 05:34:07,005 INFO  [master:dn1:60000] master.ServerManager: Waiting for region servers count to settle; currently checked in 0, slept for 86255 ms, expecting minimum of 1, maximum of 2147483647, timeout of 4500 ms, interval of 1500 ms.
2014-12-13 05:34:08,528 INFO  [master:dn1:60000] master.ServerManager: Waiting for region servers count to settle; currently checked in 0, slept for 87778 ms, expecting minimum of 1, maximum of 2147483647, timeout of 4500 ms, interval of 1500 ms.
2014-12-13 05:34:10,056 INFO  [master:dn1:60000] master.ServerManager: Waiting for region servers count to settle; currently checked in 0, slept for 89306 ms, expecting minimum of 1, maximum of 2147483647, timeout of 4500 ms, interval of 1500 ms.
2014-12-13 05:34:11,599 INFO  [master:dn1:60000] master.ServerManager: Waiting for region servers count to settle; currently checked in 0, slept for 90849 ms, expecting minimum of 1, maximum of 2147483647, timeout of 4500 ms, interval of 1500 ms.
2014-12-13 05:34:13,119 INFO  [master:dn1:60000] master.ServerManager: Waiting for region servers count to settle; currently checked in 0, slept for 92369 ms, expecting minimum of 1, maximum of 2147483647, timeout of 4500 ms, interval of 1500 ms.
2014-12-13 05:34:14,662 INFO  [master:dn1:60000] master.ServerManager: Waiting for region servers count to settle; currently checked in 0, slept for 93912 ms, expecting minimum of 1, maximum of 2147483647, timeout of 4500 ms, interval of 1500 ms.
2014-12-13 05:34:16,177 INFO  [master:dn1:60000] master.ServerManager: Waiting for region servers count to settle; currently checked in 0, slept for 95427 ms, expecting minimum of 1, maximum of 2147483647, timeout of 4500 ms, interval of 1500 ms.
2014-12-13 05:34:17,688 INFO  [master:dn1:60000] master.ServerManager: Waiting for region servers count to settle; currently checked in 0, slept for 96938 ms, expecting minimum of 1, maximum of 2147483647, timeout of 4500 ms, interval of 1500 ms.
